Arguments: 
  /usr/local/bin/node /usr/local/bin/yarn install

PATH: 
  /Users/Tom/.rbenv/shims:/usr/local/bin:/usr/bin:/bin:/usr/sbin:/sbin:/Users/Tom/.composer/vendor/bin

Yarn version: 
  0.17.9

Node version: 
  7.0.0

Platform: 
  darwin x64

npm manifest: 
  {
    "name": "",
    "version": "1.0.0",
    "description": "",
    "devDependencies": {
      "grunt": "latest",
      "grunt-autoprefixer": "^3.0.3",
      "grunt-browser-sync": "latest",
      "grunt-contrib-watch": "latest",
      "grunt-sass": "latest",
      "grunt-shell": "latest",
      "load-grunt-tasks": "latest"
    }
  }

yarn manifest: 
  No manifest

Lockfile: 
  No lockfile

Trace: 
  Error: EACCES: permission denied, unlink '/Users/Tom/Sites/janss/www.jambo.be/code/node_modules/grunt/node_modules/.bin/coffee'
